mode: set
library-management/controllers/auth_controller.go:13.41,14.30 1 1
library-management/controllers/auth_controller.go:14.30,21.50 2 1
library-management/controllers/auth_controller.go:21.50,24.4 2 1
library-management/controllers/auth_controller.go:26.3,28.102 2 1
library-management/controllers/auth_controller.go:28.102,29.37 1 1
library-management/controllers/auth_controller.go:29.37,31.5 1 1
library-management/controllers/auth_controller.go:31.10,33.5 1 1
library-management/controllers/auth_controller.go:34.4,34.10 1 1
library-management/controllers/auth_controller.go:38.3,38.38 1 1
library-management/controllers/auth_controller.go:38.38,41.4 2 1
library-management/controllers/auth_controller.go:44.3,45.17 2 1
library-management/controllers/auth_controller.go:45.17,48.4 2 0
library-management/controllers/auth_controller.go:50.3,50.47 1 1
library-management/controllers/book_controller.go:12.43,13.30 1 1
library-management/controllers/book_controller.go:13.30,19.52 4 1
library-management/controllers/book_controller.go:19.52,22.4 2 0
library-management/controllers/book_controller.go:25.3,25.50 1 1
library-management/controllers/book_controller.go:25.50,28.4 2 1
library-management/controllers/book_controller.go:31.3,32.113 2 1
library-management/controllers/book_controller.go:32.113,35.4 2 1
library-management/controllers/book_controller.go:38.3,38.29 1 0
library-management/controllers/book_controller.go:38.29,41.4 2 0
library-management/controllers/book_controller.go:44.3,45.121 2 0
library-management/controllers/book_controller.go:45.121,50.55 3 0
library-management/controllers/book_controller.go:50.55,53.5 2 0
library-management/controllers/book_controller.go:55.4,56.10 2 0
library-management/controllers/book_controller.go:60.3,61.49 2 0
library-management/controllers/book_controller.go:61.49,64.4 2 0
library-management/controllers/book_controller.go:66.3,66.89 1 0
library-management/controllers/book_controller.go:71.46,72.30 1 1
library-management/controllers/book_controller.go:72.30,78.52 5 1
library-management/controllers/book_controller.go:78.52,81.4 2 0
library-management/controllers/book_controller.go:83.3,83.50 1 1
library-management/controllers/book_controller.go:83.50,86.4 2 0
library-management/controllers/book_controller.go:88.3,88.27 1 1
library-management/controllers/book_controller.go:88.27,91.4 2 1
library-management/controllers/book_controller.go:93.3,94.113 2 0
library-management/controllers/book_controller.go:94.113,97.4 2 0
library-management/controllers/book_controller.go:99.3,100.107 2 0
library-management/controllers/book_controller.go:100.107,103.4 2 0
library-management/controllers/book_controller.go:105.3,106.39 2 0
library-management/controllers/book_controller.go:106.39,109.4 2 0
library-management/controllers/book_controller.go:111.3,118.46 7 0
library-management/controllers/book_controller.go:118.46,121.4 2 0
library-management/controllers/book_controller.go:123.3,123.85 1 0
library-management/controllers/book_controller.go:128.46,129.30 1 1
library-management/controllers/book_controller.go:129.30,137.52 5 1
library-management/controllers/book_controller.go:137.52,140.4 2 0
library-management/controllers/book_controller.go:142.3,142.50 1 1
library-management/controllers/book_controller.go:142.50,145.4 2 0
library-management/controllers/book_controller.go:147.3,148.113 2 1
library-management/controllers/book_controller.go:148.113,151.4 2 1
library-management/controllers/book_controller.go:153.3,154.107 2 1
library-management/controllers/book_controller.go:154.107,157.4 2 1
library-management/controllers/book_controller.go:159.3,159.27 1 1
library-management/controllers/book_controller.go:159.27,162.47 3 0
library-management/controllers/book_controller.go:162.47,165.5 2 0
library-management/controllers/book_controller.go:166.4,166.84 1 0
library-management/controllers/book_controller.go:167.9,168.49 1 1
library-management/controllers/book_controller.go:168.49,171.5 2 1
library-management/controllers/book_controller.go:172.4,172.74 1 0
library-management/controllers/issue_controllerAdmin.go:15.53,16.30 1 1
library-management/controllers/issue_controllerAdmin.go:16.30,18.14 2 1
library-management/controllers/issue_controllerAdmin.go:18.14,21.4 2 0
library-management/controllers/issue_controllerAdmin.go:23.3,24.126 2 1
library-management/controllers/issue_controllerAdmin.go:24.126,27.4 2 1
library-management/controllers/issue_controllerAdmin.go:29.3,29.32 1 1
library-management/controllers/issue_controllerAdmin.go:29.32,32.4 2 0
library-management/controllers/issue_controllerAdmin.go:34.3,37.38 2 1
library-management/controllers/issue_controllerAdmin.go:37.38,40.4 2 1
library-management/controllers/issue_controllerAdmin.go:42.3,43.36 2 0
library-management/controllers/issue_controllerAdmin.go:43.36,53.4 1 0
library-management/controllers/issue_controllerAdmin.go:54.3,54.62 1 0
library-management/controllers/issue_controllerAdmin.go:59.48,60.30 1 1
library-management/controllers/issue_controllerAdmin.go:60.30,64.61 3 1
library-management/controllers/issue_controllerAdmin.go:64.61,67.4 2 1
library-management/controllers/issue_controllerAdmin.go:69.3,70.14 2 0
library-management/controllers/issue_controllerAdmin.go:70.14,73.4 2 0
library-management/controllers/issue_controllerAdmin.go:75.3,76.81 2 0
library-management/controllers/issue_controllerAdmin.go:76.81,79.4 2 0
library-management/controllers/issue_controllerAdmin.go:81.3,82.151 2 0
library-management/controllers/issue_controllerAdmin.go:82.151,85.4 2 0
library-management/controllers/issue_controllerAdmin.go:87.3,87.34 1 0
library-management/controllers/issue_controllerAdmin.go:87.34,90.4 2 0
library-management/controllers/issue_controllerAdmin.go:92.3,92.32 1 0
library-management/controllers/issue_controllerAdmin.go:92.32,95.4 2 0
library-management/controllers/issue_controllerAdmin.go:97.3,102.49 5 0
library-management/controllers/issue_controllerAdmin.go:102.49,105.4 2 0
library-management/controllers/issue_controllerAdmin.go:107.3,107.68 1 0
library-management/controllers/issue_controllerAdmin.go:112.51,113.30 1 1
library-management/controllers/issue_controllerAdmin.go:113.30,117.61 3 1
library-management/controllers/issue_controllerAdmin.go:117.61,120.4 2 1
library-management/controllers/issue_controllerAdmin.go:122.3,122.51 1 0
library-management/controllers/issue_controllerAdmin.go:122.51,125.4 2 0
library-management/controllers/issue_controllerAdmin.go:127.3,127.84 1 0
library-management/controllers/issue_controllerAdmin.go:131.51,132.30 1 1
library-management/controllers/issue_controllerAdmin.go:132.30,136.14 3 1
library-management/controllers/issue_controllerAdmin.go:136.14,139.4 2 1
library-management/controllers/issue_controllerAdmin.go:141.3,145.50 2 0
library-management/controllers/issue_controllerAdmin.go:145.50,148.4 2 0
library-management/controllers/issue_controllerAdmin.go:150.3,151.107 2 0
library-management/controllers/issue_controllerAdmin.go:151.107,154.4 2 0
library-management/controllers/issue_controllerAdmin.go:156.3,156.32 1 0
library-management/controllers/issue_controllerAdmin.go:156.32,159.4 2 0
library-management/controllers/issue_controllerAdmin.go:161.3,178.55 6 0
library-management/controllers/issue_controllerAdmin.go:178.55,181.4 2 0
library-management/controllers/issue_controllerAdmin.go:183.3,183.70 1 0
library-management/controllers/issue_controllerAdmin.go:187.46,188.41 1 1
library-management/controllers/issue_controllerAdmin.go:188.41,190.3 1 1
library-management/controllers/issue_controllerAdmin.go:191.2,191.63 1 1
library-management/controllers/library_controller.go:12.49,13.30 1 1
library-management/controllers/library_controller.go:13.30,16.50 2 1
library-management/controllers/library_controller.go:16.50,19.4 2 1
library-management/controllers/library_controller.go:21.3,21.49 1 1
library-management/controllers/library_controller.go:21.49,24.4 2 1
library-management/controllers/library_controller.go:26.3,26.97 1 0
library-management/controllers/library_controller.go:31.49,32.30 1 1
library-management/controllers/library_controller.go:32.30,35.51 2 1
library-management/controllers/library_controller.go:35.51,38.4 2 1
library-management/controllers/library_controller.go:40.3,40.55 1 1
library-management/controllers/newLogin.go:13.52,14.30 1 1
library-management/controllers/newLogin.go:14.30,17.50 2 1
library-management/controllers/newLogin.go:17.50,20.4 2 1
library-management/controllers/newLogin.go:22.3,22.28 1 1
library-management/controllers/newLogin.go:22.28,25.4 2 1
library-management/controllers/newLogin.go:27.3,27.49 1 1
library-management/controllers/newLogin.go:27.49,30.4 2 1
library-management/controllers/newLogin.go:32.3,32.100 1 0
library-management/controllers/newLogin.go:37.49,38.30 1 1
library-management/controllers/newLogin.go:38.30,47.50 2 1
library-management/controllers/newLogin.go:47.50,50.4 2 1
library-management/controllers/newLogin.go:52.3,54.88 3 1
library-management/controllers/newLogin.go:54.88,57.4 2 1
library-management/controllers/newLogin.go:59.3,67.49 2 1
library-management/controllers/newLogin.go:67.49,70.4 2 1
library-management/controllers/newLogin.go:72.3,72.42 1 0
library-management/controllers/newLogin.go:72.42,74.58 2 0
library-management/controllers/newLogin.go:74.58,77.5 2 0
library-management/controllers/newLogin.go:79.4,83.57 2 0
library-management/controllers/newLogin.go:83.57,86.5 2 0
library-management/controllers/newLogin.go:90.3,91.90 2 0
library-management/controllers/newLogin.go:91.90,94.4 2 0
library-management/controllers/newLogin.go:97.3,107.5 1 0
library-management/controllers/newLogin.go:112.48,113.30 1 1
library-management/controllers/newLogin.go:113.30,123.50 2 1
library-management/controllers/newLogin.go:123.50,126.4 2 1
library-management/controllers/newLogin.go:129.3,131.82 3 1
library-management/controllers/newLogin.go:131.82,134.4 2 1
library-management/controllers/newLogin.go:137.3,138.125 2 0
library-management/controllers/newLogin.go:138.125,141.4 2 0
library-management/controllers/newLogin.go:144.3,144.42 1 0
library-management/controllers/newLogin.go:144.42,146.46 2 0
library-management/controllers/newLogin.go:146.46,147.28 1 0
library-management/controllers/newLogin.go:147.28,149.11 2 0
library-management/controllers/newLogin.go:152.4,152.14 1 0
library-management/controllers/newLogin.go:152.14,155.5 2 0
library-management/controllers/newLogin.go:159.3,160.87 2 0
library-management/controllers/newLogin.go:160.87,163.4 2 0
library-management/controllers/newLogin.go:166.3,174.48 2 0
library-management/controllers/newLogin.go:174.48,177.4 2 0
library-management/controllers/newLogin.go:180.3,180.42 1 0
library-management/controllers/newLogin.go:180.42,185.56 2 0
library-management/controllers/newLogin.go:185.56,188.5 2 0
library-management/controllers/newLogin.go:192.3,193.88 2 0
library-management/controllers/newLogin.go:193.88,196.4 2 0
library-management/controllers/newLogin.go:199.3,209.5 1 0
library-management/controllers/user_controller.go:14.47,15.30 1 1
library-management/controllers/user_controller.go:15.30,17.14 2 1
library-management/controllers/user_controller.go:17.14,20.4 2 0
library-management/controllers/user_controller.go:22.3,23.123 2 1
library-management/controllers/user_controller.go:23.123,26.4 2 1
library-management/controllers/user_controller.go:28.3,28.30 1 1
library-management/controllers/user_controller.go:28.30,31.4 2 1
library-management/controllers/user_controller.go:33.3,40.18 6 1
library-management/controllers/user_controller.go:40.18,42.4 1 1
library-management/controllers/user_controller.go:43.3,43.19 1 1
library-management/controllers/user_controller.go:43.19,45.4 1 0
library-management/controllers/user_controller.go:46.3,46.22 1 1
library-management/controllers/user_controller.go:46.22,48.4 1 0
library-management/controllers/user_controller.go:50.3,50.122 1 1
library-management/controllers/user_controller.go:50.122,53.4 2 1
library-management/controllers/user_controller.go:55.3,56.30 2 1
library-management/controllers/user_controller.go:56.30,58.21 2 1
library-management/controllers/user_controller.go:58.21,60.5 1 0
library-management/controllers/user_controller.go:62.4,71.33 2 1
library-management/controllers/user_controller.go:71.33,77.38 3 0
library-management/controllers/user_controller.go:77.38,80.6 2 0
library-management/controllers/user_controller.go:80.11,82.6 1 0
library-management/controllers/user_controller.go:85.4,85.41 1 1
library-management/controllers/user_controller.go:88.3,88.50 1 1
library-management/controllers/user_controller.go:93.48,94.30 1 1
library-management/controllers/user_controller.go:94.30,101.50 2 1
library-management/controllers/user_controller.go:101.50,104.4 2 1
library-management/controllers/user_controller.go:107.3,108.14 2 1
library-management/controllers/user_controller.go:108.14,111.4 2 0
library-management/controllers/user_controller.go:114.3,115.115 2 1
library-management/controllers/user_controller.go:115.115,118.4 2 1
library-management/controllers/user_controller.go:121.3,121.32 1 0
library-management/controllers/user_controller.go:121.32,124.4 2 0
library-management/controllers/user_controller.go:127.3,128.119 2 0
library-management/controllers/user_controller.go:128.119,131.4 2 0
library-management/controllers/user_controller.go:134.3,135.181 2 0
library-management/controllers/user_controller.go:135.181,138.4 2 0
library-management/controllers/user_controller.go:141.3,153.51 3 0
library-management/controllers/user_controller.go:153.51,156.4 2 0
library-management/controllers/user_controller.go:159.3,159.94 1 0
